Arguments: 
  /usr/local/bin/node /usr/local/bin/yarn install

PATH: 
  /usr/local/bin:/usr/bin:/bin:/usr/sbin:/sbin

Yarn version: 
  0.21.3

Node version: 
  6.9.5

Platform: 
  darwin x64

npm manifest: 
  {
    "name": "vue-ssr-demo",
    "version": "1.0.0",
    "description": "Nuxt.js project",
    "author": "ZhouBin <jobn_joy@163.com>",
    "private": true,
    "dependencies": {
      "nuxt": "latest"
    },
    "scripts": {
      "dev": "nuxt",
      "build": "nuxt build",
      "start": "nuxt start",
      "generate": "nuxt generate",
      "lint": "eslint --ext .js,.vue --ignore-path .gitignore .",
      "precommit": "npm run lint"
    },
    "devDependencies": {
      "babel-eslint": "^7.1.1",
      "eslint": "^3.15.0",
      "eslint-config-standard": "^6.2.1",
      "eslint-loader": "^1.6.1",
      "eslint-plugin-html": "^2.0.0",
      "eslint-plugin-promise": "^3.4.1",
      "eslint-plugin-standard": "^2.0.1"
    }
  }

yarn manifest: 
  No manifest

Lockfile: 
  No lockfile

Trace: 
  Error: http://registry.npm.taobao.org/nuxt/download/nuxt-0.10.7.tgz: unexpected end of file
      at Zlib._handle.onerror (zlib.js:370:17)
